0 info it worked if it ends with ok
1 verbose cli [ '/home/ubuntu/.nvm/v0.10.35/bin/node',
1 verbose cli   '/home/ubuntu/.nvm/v0.10.35/bin/npm',
1 verbose cli   'start' ]
2 info using npm@1.4.28
3 info using node@v0.10.35
<<<<<<< HEAD
4 error Error: ENOENT, open '/home/ubuntu/workspace/bloc/bloc-jams/package.json'
5 error If you need help, you may report this *entire* log,
5 error including the npm and node versions, at:
5 error     <http://github.com/npm/npm/issues>
6 error System Linux 3.14.13-c9
7 error command "/home/ubuntu/.nvm/v0.10.35/bin/node" "/home/ubuntu/.nvm/v0.10.35/bin/npm" "start"
8 error cwd /home/ubuntu/workspace/bloc/bloc-jams
9 error node -v v0.10.35
10 error npm -v 1.4.28
11 error path /home/ubuntu/workspace/bloc/bloc-jams/package.json
12 error code ENOENT
13 error errno 34
14 verbose exit [ 34, true ]
=======
4 verbose run-script [ 'prestart', 'start', 'poststart' ]
5 info prestart bloc-rdio-skeleton@0.0.1
6 info start bloc-rdio-skeleton@0.0.1
7 verbose unsafe-perm in lifecycle true
8 info bloc-rdio-skeleton@0.0.1 Failed to exec start script
9 error bloc-rdio-skeleton@0.0.1 start: `brunch watch --server`
9 error Exit status 143
10 error Failed at the bloc-rdio-skeleton@0.0.1 start script.
10 error This is most likely a problem with the bloc-rdio-skeleton package,
10 error not with npm itself.
10 error Tell the author that this fails on your system:
10 error     brunch watch --server
10 error You can get their info via:
10 error     npm owner ls bloc-rdio-skeleton
10 error There is likely additional logging output above.
11 error System Linux 3.14.13-c9
12 error command "/home/ubuntu/.nvm/v0.10.35/bin/node" "/home/ubuntu/.nvm/v0.10.35/bin/npm" "start"
13 error cwd /home/ubuntu/workspace
14 error node -v v0.10.35
15 error npm -v 1.4.28
16 error code ELIFECYCLE
17 verbose exit [ 1, true ]
>>>>>>> 838b668316ed6ba39b53db233dfe67843164be00
